[1.896s] Invoking command in '/home/vboxuser/proj3_ws/src/dead_reckoning': DEBUGINFOD_URLS=https://debuginfod.ubuntu.com PYTHONPATH=/home/vboxuser/proj3_ws/build/dead_reckoning/prefix_override:/usr/lib/python3/dist-packages/colcon_core/task/python/colcon_distutils_commands:/home/vboxuser/proj3_ws/install/dead_reckoning/lib/python3.12/site-packages:${PYTHONPATH} /usr/bin/python3 -W ignore:setup.py install is deprecated -W ignore:easy_install command is deprecated setup.py egg_info --egg-base ../../build/dead_reckoning build --build-base /home/vboxuser/proj3_ws/build/dead_reckoning/build install --record /home/vboxuser/proj3_ws/build/dead_reckoning/install.log --single-version-externally-managed install_data
[2.519s] running egg_info
[2.573s] writing ../../build/dead_reckoning/dead_reckoning.egg-info/PKG-INFO
[2.577s] writing dependency_links to ../../build/dead_reckoning/dead_reckoning.egg-info/dependency_links.txt
[2.577s] writing entry points to ../../build/dead_reckoning/dead_reckoning.egg-info/entry_points.txt
[2.577s] writing requirements to ../../build/dead_reckoning/dead_reckoning.egg-info/requires.txt
[2.577s] writing top-level names to ../../build/dead_reckoning/dead_reckoning.egg-info/top_level.txt
[2.679s] reading manifest file '../../build/dead_reckoning/dead_reckoning.egg-info/SOURCES.txt'
[2.680s] adding license file 'LICENSE'
[2.681s] writing manifest file '../../build/dead_reckoning/dead_reckoning.egg-info/SOURCES.txt'
[2.681s] running build
[2.682s] running build_py
[2.682s] running install
[2.692s] running install_lib
[2.735s] running install_data
[2.739s] running install_egg_info
[2.781s] removing '/home/vboxuser/proj3_ws/install/dead_reckoning/lib/python3.12/site-packages/dead_reckoning-0.0.0-py3.12.egg-info' (and everything under it)
[2.782s] Copying ../../build/dead_reckoning/dead_reckoning.egg-info to /home/vboxuser/proj3_ws/install/dead_reckoning/lib/python3.12/site-packages/dead_reckoning-0.0.0-py3.12.egg-info
[2.784s] running install_scripts
[3.102s] Installing estimator_node script to /home/vboxuser/proj3_ws/install/dead_reckoning/lib/dead_reckoning
[3.103s] writing list of installed files to '/home/vboxuser/proj3_ws/build/dead_reckoning/install.log'
[3.157s] Invoked command in '/home/vboxuser/proj3_ws/src/dead_reckoning' returned '0': DEBUGINFOD_URLS=https://debuginfod.ubuntu.com PYTHONPATH=/home/vboxuser/proj3_ws/build/dead_reckoning/prefix_override:/usr/lib/python3/dist-packages/colcon_core/task/python/colcon_distutils_commands:/home/vboxuser/proj3_ws/install/dead_reckoning/lib/python3.12/site-packages:${PYTHONPATH} /usr/bin/python3 -W ignore:setup.py install is deprecated -W ignore:easy_install command is deprecated setup.py egg_info --egg-base ../../build/dead_reckoning build --build-base /home/vboxuser/proj3_ws/build/dead_reckoning/build install --record /home/vboxuser/proj3_ws/build/dead_reckoning/install.log --single-version-externally-managed install_data
