[0.611s] DEBUG:colcon:Command line arguments: ['/usr/bin/colcon', 'build']
[0.611s] DEBUG:colcon:Parsed command line arguments: Namespace(log_base=None, log_level=None, verb_name='build', build_base='build', install_base='install', merge_install=False, symlink_install=False, test_result_base=None, continue_on_error=False, executor='parallel', parallel_workers=5, event_handlers=None, ignore_user_meta=False, metas=['./colcon.meta'], base_paths=['.'], packages_ignore=None, packages_ignore_regex=None, paths=None, packages_up_to=None, packages_up_to_regex=None, packages_above=None, packages_above_and_dependencies=None, packages_above_depth=None, packages_select_by_dep=None, packages_skip_by_dep=None, packages_skip_up_to=None, packages_select_build_failed=False, packages_skip_build_finished=False, packages_select_test_failures=False, packages_skip_test_passed=False, packages_select=None, packages_skip=None, packages_select_regex=None, packages_skip_regex=None, packages_start=None, packages_end=None, allow_overriding=[], cmake_args=None, cmake_target=None, cmake_target_skip_unavailable=False, cmake_clean_cache=False, cmake_clean_first=False, cmake_force_configure=False, ament_cmake_args=None, catkin_cmake_args=None, catkin_skip_building_tests=False, mixin_files=None, mixin=None, verb_parser=<colcon_mixin.mixin.mixin_argument.MixinArgumentDecorator object at 0x7ac1bbfa4410>, verb_extension=<colcon_core.verb.build.BuildVerb object at 0x7ac1bbf83e30>, main=<bound method BuildVerb.main of <colcon_core.verb.build.BuildVerb object at 0x7ac1bbf83e30>>, mixin_verb=('build',))
[0.888s] Level 1:colcon.colcon_core.package_discovery:discover_packages(colcon_meta) check parameters
[0.888s] Level 1:colcon.colcon_core.package_discovery:discover_packages(recursive) check parameters
[0.888s] Level 1:colcon.colcon_core.package_discovery:discover_packages(ignore) check parameters
[0.888s] Level 1:colcon.colcon_core.package_discovery:discover_packages(path) check parameters
[0.888s] Level 1:colcon.colcon_core.package_discovery:discover_packages(colcon_meta) discover
[0.889s] Level 1:colcon.colcon_core.package_discovery:discover_packages(recursive) discover
[0.889s] INFO:colcon.colcon_core.package_discovery:Crawling recursively for packages in '/home/vboxuser/proj3_ws'
[0.889s] Level 1:colcon.colcon_core.package_identification:_identify(.) by extensions ['ignore', 'ignore_ament_install']
[0.889s] Level 1:colcon.colcon_core.package_identification:_identify(.) by extension 'ignore'
[0.889s] Level 1:colcon.colcon_core.package_identification:_identify(.) by extension 'ignore_ament_install'
[0.889s] Level 1:colcon.colcon_core.package_identification:_identify(.) by extensions ['colcon_pkg']
[0.889s] Level 1:colcon.colcon_core.package_identification:_identify(.) by extension 'colcon_pkg'
[0.889s] Level 1:colcon.colcon_core.package_identification:_identify(.) by extensions ['colcon_meta']
[0.889s] Level 1:colcon.colcon_core.package_identification:_identify(.) by extension 'colcon_meta'
[0.890s] Level 1:colcon.colcon_core.package_identification:_identify(.) by extensions ['ros']
[0.890s] Level 1:colcon.colcon_core.package_identification:_identify(.) by extension 'ros'
[0.983s] Level 1:colcon.colcon_core.package_identification:_identify(.) by extensions ['cmake', 'python']
[0.984s] Level 1:colcon.colcon_core.package_identification:_identify(.) by extension 'cmake'
[0.984s] Level 1:colcon.colcon_core.package_identification:_identify(.) by extension 'python'
[0.984s] Level 1:colcon.colcon_core.package_identification:_identify(.) by extensions ['python_setup_py']
[0.984s] Level 1:colcon.colcon_core.package_identification:_identify(.) by extension 'python_setup_py'
[0.985s] Level 1:colcon.colcon_core.package_identification:_identify(build) by extensions ['ignore', 'ignore_ament_install']
[0.985s] Level 1:colcon.colcon_core.package_identification:_identify(build) by extension 'ignore'
[0.985s] Level 1:colcon.colcon_core.package_identification:_identify(build) ignored
[0.986s] Level 1:colcon.colcon_core.package_identification:_identify(install) by extensions ['ignore', 'ignore_ament_install']
[0.986s] Level 1:colcon.colcon_core.package_identification:_identify(install) by extension 'ignore'
[0.986s] Level 1:colcon.colcon_core.package_identification:_identify(install) ignored
[0.987s] Level 1:colcon.colcon_core.package_identification:_identify(log) by extensions ['ignore', 'ignore_ament_install']
[0.988s] Level 1:colcon.colcon_core.package_identification:_identify(log) by extension 'ignore'
[0.988s] Level 1:colcon.colcon_core.package_identification:_identify(log) ignored
[0.988s] Level 1:colcon.colcon_core.package_identification:_identify(proj3) by extensions ['ignore', 'ignore_ament_install']
[0.988s] Level 1:colcon.colcon_core.package_identification:_identify(proj3) by extension 'ignore'
[0.989s] Level 1:colcon.colcon_core.package_identification:_identify(proj3) by extension 'ignore_ament_install'
[0.989s] Level 1:colcon.colcon_core.package_identification:_identify(proj3) by extensions ['colcon_pkg']
[0.989s] Level 1:colcon.colcon_core.package_identification:_identify(proj3) by extension 'colcon_pkg'
[0.989s] Level 1:colcon.colcon_core.package_identification:_identify(proj3) by extensions ['colcon_meta']
[0.989s] Level 1:colcon.colcon_core.package_identification:_identify(proj3) by extension 'colcon_meta'
[0.990s] Level 1:colcon.colcon_core.package_identification:_identify(proj3) by extensions ['ros']
[0.990s] Level 1:colcon.colcon_core.package_identification:_identify(proj3) by extension 'ros'
[0.990s] Level 1:colcon.colcon_core.package_identification:_identify(proj3) by extensions ['cmake', 'python']
[0.990s] Level 1:colcon.colcon_core.package_identification:_identify(proj3) by extension 'cmake'
[0.991s] Level 1:colcon.colcon_core.package_identification:_identify(proj3) by extension 'python'
[0.991s] Level 1:colcon.colcon_core.package_identification:_identify(proj3) by extensions ['python_setup_py']
[0.991s] Level 1:colcon.colcon_core.package_identification:_identify(proj3) by extension 'python_setup_py'
[0.991s] Level 1:colcon.colcon_core.package_identification:_identify(src) by extensions ['ignore', 'ignore_ament_install']
[0.991s] Level 1:colcon.colcon_core.package_identification:_identify(src) by extension 'ignore'
[0.991s] Level 1:colcon.colcon_core.package_identification:_identify(src) by extension 'ignore_ament_install'
[0.992s] Level 1:colcon.colcon_core.package_identification:_identify(src) by extensions ['colcon_pkg']
[0.992s] Level 1:colcon.colcon_core.package_identification:_identify(src) by extension 'colcon_pkg'
[0.992s] Level 1:colcon.colcon_core.package_identification:_identify(src) by extensions ['colcon_meta']
[0.992s] Level 1:colcon.colcon_core.package_identification:_identify(src) by extension 'colcon_meta'
[0.992s] Level 1:colcon.colcon_core.package_identification:_identify(src) by extensions ['ros']
[0.992s] Level 1:colcon.colcon_core.package_identification:_identify(src) by extension 'ros'
[0.993s] Level 1:colcon.colcon_core.package_identification:_identify(src) by extensions ['cmake', 'python']
[0.993s] Level 1:colcon.colcon_core.package_identification:_identify(src) by extension 'cmake'
[0.993s] Level 1:colcon.colcon_core.package_identification:_identify(src) by extension 'python'
[0.993s] Level 1:colcon.colcon_core.package_identification:_identify(src) by extensions ['python_setup_py']
[0.993s] Level 1:colcon.colcon_core.package_identification:_identify(src) by extension 'python_setup_py'
[0.993s] Level 1:colcon.colcon_core.package_identification:_identify(src/dead_reckoning) by extensions ['ignore', 'ignore_ament_install']
[0.994s] Level 1:colcon.colcon_core.package_identification:_identify(src/dead_reckoning) by extension 'ignore'
[0.994s] Level 1:colcon.colcon_core.package_identification:_identify(src/dead_reckoning) by extension 'ignore_ament_install'
[0.994s] Level 1:colcon.colcon_core.package_identification:_identify(src/dead_reckoning) by extensions ['colcon_pkg']
[0.995s] Level 1:colcon.colcon_core.package_identification:_identify(src/dead_reckoning) by extension 'colcon_pkg'
[0.995s] Level 1:colcon.colcon_core.package_identification:_identify(src/dead_reckoning) by extensions ['colcon_meta']
[0.995s] Level 1:colcon.colcon_core.package_identification:_identify(src/dead_reckoning) by extension 'colcon_meta'
[0.995s] Level 1:colcon.colcon_core.package_identification:_identify(src/dead_reckoning) by extensions ['ros']
[0.995s] Level 1:colcon.colcon_core.package_identification:_identify(src/dead_reckoning) by extension 'ros'
[1.003s] DEBUG:colcon.colcon_core.package_identification:Package 'src/dead_reckoning' with type 'ros.ament_python' and name 'dead_reckoning'
[1.004s] Level 1:colcon.colcon_core.package_discovery:discover_packages(recursive) using defaults
[1.004s] Level 1:colcon.colcon_core.package_discovery:discover_packages(ignore) discover
[1.004s] Level 1:colcon.colcon_core.package_discovery:discover_packages(ignore) using defaults
[1.004s] Level 1:colcon.colcon_core.package_discovery:discover_packages(path) discover
[1.004s] Level 1:colcon.colcon_core.package_discovery:discover_packages(path) using defaults
[1.074s] Level 1:colcon.colcon_core.package_discovery:discover_packages(prefix_path) check parameters
[1.074s] Level 1:colcon.colcon_core.package_discovery:discover_packages(prefix_path) discover
[1.090s] DEBUG:colcon.colcon_installed_package_information.package_discovery:Found 1 installed packages in /home/vboxuser/proj3_ws/install
[1.097s] DEBUG:colcon.colcon_installed_package_information.package_discovery:Found 345 installed packages in /opt/ros/jazzy
[1.102s] Level 1:colcon.colcon_core.package_discovery:discover_packages(prefix_path) using defaults
[1.603s] Level 5:colcon.colcon_core.verb:set package 'dead_reckoning' build argument 'cmake_args' from command line to 'None'
[1.603s] Level 5:colcon.colcon_core.verb:set package 'dead_reckoning' build argument 'cmake_target' from command line to 'None'
[1.603s] Level 5:colcon.colcon_core.verb:set package 'dead_reckoning' build argument 'cmake_target_skip_unavailable' from command line to 'False'
[1.603s] Level 5:colcon.colcon_core.verb:set package 'dead_reckoning' build argument 'cmake_clean_cache' from command line to 'False'
[1.603s] Level 5:colcon.colcon_core.verb:set package 'dead_reckoning' build argument 'cmake_clean_first' from command line to 'False'
[1.603s] Level 5:colcon.colcon_core.verb:set package 'dead_reckoning' build argument 'cmake_force_configure' from command line to 'False'
[1.603s] Level 5:colcon.colcon_core.verb:set package 'dead_reckoning' build argument 'ament_cmake_args' from command line to 'None'
[1.603s] Level 5:colcon.colcon_core.verb:set package 'dead_reckoning' build argument 'catkin_cmake_args' from command line to 'None'
[1.603s] Level 5:colcon.colcon_core.verb:set package 'dead_reckoning' build argument 'catkin_skip_building_tests' from command line to 'False'
[1.603s] DEBUG:colcon.colcon_core.verb:Building package 'dead_reckoning' with the following arguments: {'ament_cmake_args': None, 'build_base': '/home/vboxuser/proj3_ws/build/dead_reckoning', 'catkin_cmake_args': None, 'catkin_skip_building_tests': False, 'cmake_args': None, 'cmake_clean_cache': False, 'cmake_clean_first': False, 'cmake_force_configure': False, 'cmake_target': None, 'cmake_target_skip_unavailable': False, 'install_base': '/home/vboxuser/proj3_ws/install/dead_reckoning', 'merge_install': False, 'path': '/home/vboxuser/proj3_ws/src/dead_reckoning', 'symlink_install': False, 'test_result_base': None}
[1.604s] INFO:colcon.colcon_core.executor:Executing jobs using 'parallel' executor
[1.607s] DEBUG:colcon.colcon_parallel_executor.executor.parallel:run_until_complete
[1.608s] INFO:colcon.colcon_ros.task.ament_python.build:Building ROS package in '/home/vboxuser/proj3_ws/src/dead_reckoning' with build type 'ament_python'
[1.608s] Level 1:colcon.colcon_core.shell:create_environment_hook('dead_reckoning', 'ament_prefix_path')
[1.645s] INFO:colcon.colcon_core.plugin_system:Skipping extension 'colcon_core.shell.bat': Not used on non-Windows systems
[1.646s] INFO:colcon.colcon_core.shell:Creating environment hook '/home/vboxuser/proj3_ws/install/dead_reckoning/share/dead_reckoning/hook/ament_prefix_path.ps1'
[1.654s] INFO:colcon.colcon_core.shell:Creating environment descriptor '/home/vboxuser/proj3_ws/install/dead_reckoning/share/dead_reckoning/hook/ament_prefix_path.dsv'
[1.659s] INFO:colcon.colcon_core.shell:Creating environment hook '/home/vboxuser/proj3_ws/install/dead_reckoning/share/dead_reckoning/hook/ament_prefix_path.sh'
[1.664s] INFO:colcon.colcon_core.shell:Skip shell extension 'powershell' for command environment: Not usable outside of PowerShell
[1.664s] DEBUG:colcon.colcon_core.shell:Skip shell extension 'dsv' for command environment
[2.361s] INFO:colcon.colcon_core.task.python.build:Building Python package in '/home/vboxuser/proj3_ws/src/dead_reckoning'
[2.361s] INFO:colcon.colcon_core.shell:Skip shell extension 'powershell' for command environment: Not usable outside of PowerShell
[2.361s] DEBUG:colcon.colcon_core.shell:Skip shell extension 'dsv' for command environment
[5.413s] DEBUG:colcon.colcon_core.event_handler.log_command:Invoking command in '/home/vboxuser/proj3_ws/src/dead_reckoning': DEBUGINFOD_URLS=https://debuginfod.ubuntu.com PYTHONPATH=/home/vboxuser/proj3_ws/build/dead_reckoning/prefix_override:/usr/lib/python3/dist-packages/colcon_core/task/python/colcon_distutils_commands:/home/vboxuser/proj3_ws/install/dead_reckoning/lib/python3.12/site-packages:${PYTHONPATH} /usr/bin/python3 -W ignore:setup.py install is deprecated -W ignore:easy_install command is deprecated setup.py egg_info --egg-base ../../build/dead_reckoning build --build-base /home/vboxuser/proj3_ws/build/dead_reckoning/build install --record /home/vboxuser/proj3_ws/build/dead_reckoning/install.log --single-version-externally-managed install_data
[6.713s] DEBUG:colcon.colcon_core.event_handler.log_command:Invoked command in '/home/vboxuser/proj3_ws/src/dead_reckoning' returned '0': DEBUGINFOD_URLS=https://debuginfod.ubuntu.com PYTHONPATH=/home/vboxuser/proj3_ws/build/dead_reckoning/prefix_override:/usr/lib/python3/dist-packages/colcon_core/task/python/colcon_distutils_commands:/home/vboxuser/proj3_ws/install/dead_reckoning/lib/python3.12/site-packages:${PYTHONPATH} /usr/bin/python3 -W ignore:setup.py install is deprecated -W ignore:easy_install command is deprecated setup.py egg_info --egg-base ../../build/dead_reckoning build --build-base /home/vboxuser/proj3_ws/build/dead_reckoning/build install --record /home/vboxuser/proj3_ws/build/dead_reckoning/install.log --single-version-externally-managed install_data
[6.743s] Level 1:colcon.colcon_core.environment:checking '/home/vboxuser/proj3_ws/install/dead_reckoning' for CMake module files
[6.747s] Level 1:colcon.colcon_core.environment:checking '/home/vboxuser/proj3_ws/install/dead_reckoning' for CMake config files
[6.751s] Level 1:colcon.colcon_core.environment:checking '/home/vboxuser/proj3_ws/install/dead_reckoning/lib'
[6.752s] Level 1:colcon.colcon_core.environment:checking '/home/vboxuser/proj3_ws/install/dead_reckoning/bin'
[6.752s] Level 1:colcon.colcon_core.environment:checking '/home/vboxuser/proj3_ws/install/dead_reckoning/lib/pkgconfig/dead_reckoning.pc'
[6.754s] Level 1:colcon.colcon_core.environment:checking '/home/vboxuser/proj3_ws/install/dead_reckoning/lib/python3.12/site-packages'
[6.755s] Level 1:colcon.colcon_core.shell:create_environment_hook('dead_reckoning', 'pythonpath')
[6.755s] INFO:colcon.colcon_core.shell:Creating environment hook '/home/vboxuser/proj3_ws/install/dead_reckoning/share/dead_reckoning/hook/pythonpath.ps1'
[6.757s] INFO:colcon.colcon_core.shell:Creating environment descriptor '/home/vboxuser/proj3_ws/install/dead_reckoning/share/dead_reckoning/hook/pythonpath.dsv'
[6.759s] INFO:colcon.colcon_core.shell:Creating environment hook '/home/vboxuser/proj3_ws/install/dead_reckoning/share/dead_reckoning/hook/pythonpath.sh'
[6.762s] Level 1:colcon.colcon_core.environment:checking '/home/vboxuser/proj3_ws/install/dead_reckoning/bin'
[6.762s] Level 1:colcon.colcon_core.environment:create_environment_scripts_only(dead_reckoning)
[6.763s] INFO:colcon.colcon_core.shell:Creating package script '/home/vboxuser/proj3_ws/install/dead_reckoning/share/dead_reckoning/package.ps1'
[6.767s] INFO:colcon.colcon_core.shell:Creating package descriptor '/home/vboxuser/proj3_ws/install/dead_reckoning/share/dead_reckoning/package.dsv'
[6.772s] INFO:colcon.colcon_core.shell:Creating package script '/home/vboxuser/proj3_ws/install/dead_reckoning/share/dead_reckoning/package.sh'
[6.775s] INFO:colcon.colcon_core.shell:Creating package script '/home/vboxuser/proj3_ws/install/dead_reckoning/share/dead_reckoning/package.bash'
[6.781s] INFO:colcon.colcon_core.shell:Creating package script '/home/vboxuser/proj3_ws/install/dead_reckoning/share/dead_reckoning/package.zsh'
[6.784s] Level 1:colcon.colcon_core.environment:create_file_with_runtime_dependencies(/home/vboxuser/proj3_ws/install/dead_reckoning/share/colcon-core/packages/dead_reckoning)
[6.785s] DEBUG:colcon.colcon_parallel_executor.executor.parallel:closing loop
[6.785s] DEBUG:colcon.colcon_parallel_executor.executor.parallel:loop closed
[6.786s] DEBUG:colcon.colcon_parallel_executor.executor.parallel:run_until_complete finished with '0'
[6.786s] DEBUG:colcon.colcon_core.event_reactor:joining thread
[6.838s] INFO:colcon.colcon_core.plugin_system:Skipping extension 'colcon_notification.desktop_notification.terminal_notifier': Not used on non-Darwin systems
[6.839s] INFO:colcon.colcon_core.plugin_system:Skipping extension 'colcon_notification.desktop_notification.win32': Not used on non-Windows systems
[6.839s] INFO:colcon.colcon_notification.desktop_notification:Sending desktop notification using 'notify2'
[6.918s] DEBUG:colcon.colcon_core.event_reactor:joined thread
[6.918s] INFO:colcon.colcon_core.shell:Creating prefix script '/home/vboxuser/proj3_ws/install/local_setup.ps1'
[6.924s] INFO:colcon.colcon_core.shell:Creating prefix util module '/home/vboxuser/proj3_ws/install/_local_setup_util_ps1.py'
[6.930s] INFO:colcon.colcon_core.shell:Creating prefix chain script '/home/vboxuser/proj3_ws/install/setup.ps1'
[6.934s] INFO:colcon.colcon_core.shell:Creating prefix script '/home/vboxuser/proj3_ws/install/local_setup.sh'
[6.938s] INFO:colcon.colcon_core.shell:Creating prefix util module '/home/vboxuser/proj3_ws/install/_local_setup_util_sh.py'
[6.940s] INFO:colcon.colcon_core.shell:Creating prefix chain script '/home/vboxuser/proj3_ws/install/setup.sh'
[6.943s] INFO:colcon.colcon_core.shell:Creating prefix script '/home/vboxuser/proj3_ws/install/local_setup.bash'
[6.946s] INFO:colcon.colcon_core.shell:Creating prefix chain script '/home/vboxuser/proj3_ws/install/setup.bash'
[6.950s] INFO:colcon.colcon_core.shell:Creating prefix script '/home/vboxuser/proj3_ws/install/local_setup.zsh'
[6.956s] INFO:colcon.colcon_core.shell:Creating prefix chain script '/home/vboxuser/proj3_ws/install/setup.zsh'
