running egg_info
writing ../../build/dead_reckoning/dead_reckoning.egg-info/PKG-INFO
writing dependency_links to ../../build/dead_reckoning/dead_reckoning.egg-info/dependency_links.txt
writing entry points to ../../build/dead_reckoning/dead_reckoning.egg-info/entry_points.txt
writing requirements to ../../build/dead_reckoning/dead_reckoning.egg-info/requires.txt
writing top-level names to ../../build/dead_reckoning/dead_reckoning.egg-info/top_level.txt
reading manifest file '../../build/dead_reckoning/dead_reckoning.egg-info/SOURCES.txt'
writing manifest file '../../build/dead_reckoning/dead_reckoning.egg-info/SOURCES.txt'
running build
running build_py
copying dead_reckoning/estimator_node.py -> /home/vboxuser/proj3_ws/build/dead_reckoning/build/lib/dead_reckoning
running install
running install_lib
copying /home/vboxuser/proj3_ws/build/dead_reckoning/build/lib/dead_reckoning/estimator_node.py -> /home/vboxuser/proj3_ws/install/dead_reckoning/lib/python3.12/site-packages/dead_reckoning
byte-compiling /home/vboxuser/proj3_ws/install/dead_reckoning/lib/python3.12/site-packages/dead_reckoning/estimator_node.py to estimator_node.cpython-312.pyc
running install_data
running install_egg_info
removing '/home/vboxuser/proj3_ws/install/dead_reckoning/lib/python3.12/site-packages/dead_reckoning-0.0.0-py3.12.egg-info' (and everything under it)
Copying ../../build/dead_reckoning/dead_reckoning.egg-info to /home/vboxuser/proj3_ws/install/dead_reckoning/lib/python3.12/site-packages/dead_reckoning-0.0.0-py3.12.egg-info
running install_scripts
Installing estimator script to /home/vboxuser/proj3_ws/install/dead_reckoning/lib/dead_reckoning
writing list of installed files to '/home/vboxuser/proj3_ws/build/dead_reckoning/install.log'
