[1.970s] Invoking command in '/home/vboxuser/proj3_ws/src/dead_reckoning': DEBUGINFOD_URLS=https://debuginfod.ubuntu.com PYTHONPATH=/home/vboxuser/proj3_ws/build/dead_reckoning/prefix_override:/usr/lib/python3/dist-packages/colcon_core/task/python/colcon_distutils_commands:/home/vboxuser/proj3_ws/install/dead_reckoning/lib/python3.12/site-packages:${PYTHONPATH} /usr/bin/python3 -W ignore:setup.py install is deprecated -W ignore:easy_install command is deprecated setup.py egg_info --egg-base ../../build/dead_reckoning build --build-base /home/vboxuser/proj3_ws/build/dead_reckoning/build install --record /home/vboxuser/proj3_ws/build/dead_reckoning/install.log --single-version-externally-managed install_data
[2.667s] running egg_info
[2.714s] writing ../../build/dead_reckoning/dead_reckoning.egg-info/PKG-INFO
[2.717s] writing dependency_links to ../../build/dead_reckoning/dead_reckoning.egg-info/dependency_links.txt
[2.721s] writing entry points to ../../build/dead_reckoning/dead_reckoning.egg-info/entry_points.txt
[2.721s] writing requirements to ../../build/dead_reckoning/dead_reckoning.egg-info/requires.txt
[2.721s] writing top-level names to ../../build/dead_reckoning/dead_reckoning.egg-info/top_level.txt
[2.833s] reading manifest file '../../build/dead_reckoning/dead_reckoning.egg-info/SOURCES.txt'
[2.834s] adding license file 'LICENSE'
[2.837s] writing manifest file '../../build/dead_reckoning/dead_reckoning.egg-info/SOURCES.txt'
[2.841s] running build
[2.841s] running build_py
[2.841s] running install
[2.851s] running install_lib
[2.900s] running install_data
[2.900s] running install_egg_info
[2.946s] removing '/home/vboxuser/proj3_ws/install/dead_reckoning/lib/python3.12/site-packages/dead_reckoning-0.0.0-py3.12.egg-info' (and everything under it)
[2.947s] Copying ../../build/dead_reckoning/dead_reckoning.egg-info to /home/vboxuser/proj3_ws/install/dead_reckoning/lib/python3.12/site-packages/dead_reckoning-0.0.0-py3.12.egg-info
[2.948s] running install_scripts
[3.220s] Installing estimator_node script to /home/vboxuser/proj3_ws/install/dead_reckoning/lib/dead_reckoning
[3.222s] writing list of installed files to '/home/vboxuser/proj3_ws/build/dead_reckoning/install.log'
[3.292s] Invoked command in '/home/vboxuser/proj3_ws/src/dead_reckoning' returned '0': DEBUGINFOD_URLS=https://debuginfod.ubuntu.com PYTHONPATH=/home/vboxuser/proj3_ws/build/dead_reckoning/prefix_override:/usr/lib/python3/dist-packages/colcon_core/task/python/colcon_distutils_commands:/home/vboxuser/proj3_ws/install/dead_reckoning/lib/python3.12/site-packages:${PYTHONPATH} /usr/bin/python3 -W ignore:setup.py install is deprecated -W ignore:easy_install command is deprecated setup.py egg_info --egg-base ../../build/dead_reckoning build --build-base /home/vboxuser/proj3_ws/build/dead_reckoning/build install --record /home/vboxuser/proj3_ws/build/dead_reckoning/install.log --single-version-externally-managed install_data
