[3.131s] Invoking command in '/home/vboxuser/proj3_ws/src/dead_reckoning': DEBUGINFOD_URLS=https://debuginfod.ubuntu.com PYTHONPATH=/home/vboxuser/proj3_ws/build/dead_reckoning/prefix_override:/usr/lib/python3/dist-packages/colcon_core/task/python/colcon_distutils_commands:/home/vboxuser/proj3_ws/install/dead_reckoning/lib/python3.12/site-packages:${PYTHONPATH} /usr/bin/python3 -W ignore:setup.py install is deprecated -W ignore:easy_install command is deprecated setup.py egg_info --egg-base ../../build/dead_reckoning build --build-base /home/vboxuser/proj3_ws/build/dead_reckoning/build install --record /home/vboxuser/proj3_ws/build/dead_reckoning/install.log --single-version-externally-managed install_data
[3.760s] running egg_info
[3.806s] writing ../../build/dead_reckoning/dead_reckoning.egg-info/PKG-INFO
[3.809s] writing dependency_links to ../../build/dead_reckoning/dead_reckoning.egg-info/dependency_links.txt
[3.809s] writing entry points to ../../build/dead_reckoning/dead_reckoning.egg-info/entry_points.txt
[3.811s] writing requirements to ../../build/dead_reckoning/dead_reckoning.egg-info/requires.txt
[3.812s] writing top-level names to ../../build/dead_reckoning/dead_reckoning.egg-info/top_level.txt
[3.905s] reading manifest file '../../build/dead_reckoning/dead_reckoning.egg-info/SOURCES.txt'
[3.907s] adding license file 'LICENSE'
[3.910s] writing manifest file '../../build/dead_reckoning/dead_reckoning.egg-info/SOURCES.txt'
[3.911s] running build
[3.911s] running build_py
[3.915s] running install
[3.926s] running install_lib
[3.966s] running install_data
[3.971s] running install_egg_info
[4.020s] removing '/home/vboxuser/proj3_ws/install/dead_reckoning/lib/python3.12/site-packages/dead_reckoning-0.0.0-py3.12.egg-info' (and everything under it)
[4.022s] Copying ../../build/dead_reckoning/dead_reckoning.egg-info to /home/vboxuser/proj3_ws/install/dead_reckoning/lib/python3.12/site-packages/dead_reckoning-0.0.0-py3.12.egg-info
[4.027s] running install_scripts
[4.325s] Installing estimator_node script to /home/vboxuser/proj3_ws/install/dead_reckoning/lib/dead_reckoning
[4.329s] writing list of installed files to '/home/vboxuser/proj3_ws/build/dead_reckoning/install.log'
[4.379s] Invoked command in '/home/vboxuser/proj3_ws/src/dead_reckoning' returned '0': DEBUGINFOD_URLS=https://debuginfod.ubuntu.com PYTHONPATH=/home/vboxuser/proj3_ws/build/dead_reckoning/prefix_override:/usr/lib/python3/dist-packages/colcon_core/task/python/colcon_distutils_commands:/home/vboxuser/proj3_ws/install/dead_reckoning/lib/python3.12/site-packages:${PYTHONPATH} /usr/bin/python3 -W ignore:setup.py install is deprecated -W ignore:easy_install command is deprecated setup.py egg_info --egg-base ../../build/dead_reckoning build --build-base /home/vboxuser/proj3_ws/build/dead_reckoning/build install --record /home/vboxuser/proj3_ws/build/dead_reckoning/install.log --single-version-externally-managed install_data
