[2.385s] Invoking command in '/home/vboxuser/proj3_ws/src/dead_reckoning': DEBUGINFOD_URLS=https://debuginfod.ubuntu.com PYTHONPATH=/home/vboxuser/proj3_ws/build/dead_reckoning/prefix_override:/usr/lib/python3/dist-packages/colcon_core/task/python/colcon_distutils_commands:/home/vboxuser/proj3_ws/install/dead_reckoning/lib/python3.12/site-packages:${PYTHONPATH} /usr/bin/python3 -W ignore:setup.py install is deprecated -W ignore:easy_install command is deprecated setup.py egg_info --egg-base ../../build/dead_reckoning build --build-base /home/vboxuser/proj3_ws/build/dead_reckoning/build install --record /home/vboxuser/proj3_ws/build/dead_reckoning/install.log --single-version-externally-managed install_data
[2.898s] running egg_info
[2.898s] creating ../../build/dead_reckoning/dead_reckoning.egg-info
[2.930s] writing ../../build/dead_reckoning/dead_reckoning.egg-info/PKG-INFO
[2.931s] writing dependency_links to ../../build/dead_reckoning/dead_reckoning.egg-info/dependency_links.txt
[2.932s] writing entry points to ../../build/dead_reckoning/dead_reckoning.egg-info/entry_points.txt
[2.933s] writing requirements to ../../build/dead_reckoning/dead_reckoning.egg-info/requires.txt
[2.933s] writing top-level names to ../../build/dead_reckoning/dead_reckoning.egg-info/top_level.txt
[2.935s] writing manifest file '../../build/dead_reckoning/dead_reckoning.egg-info/SOURCES.txt'
[3.005s] reading manifest file '../../build/dead_reckoning/dead_reckoning.egg-info/SOURCES.txt'
[3.012s] writing manifest file '../../build/dead_reckoning/dead_reckoning.egg-info/SOURCES.txt'
[3.012s] running build
[3.013s] running build_py
[3.013s] creating /home/vboxuser/proj3_ws/build/dead_reckoning/build
[3.013s] creating /home/vboxuser/proj3_ws/build/dead_reckoning/build/lib
[3.014s] creating /home/vboxuser/proj3_ws/build/dead_reckoning/build/lib/dead_reckoning
[3.014s] copying dead_reckoning/__init__.py -> /home/vboxuser/proj3_ws/build/dead_reckoning/build/lib/dead_reckoning
[3.014s] copying dead_reckoning/estimator_node.py -> /home/vboxuser/proj3_ws/build/dead_reckoning/build/lib/dead_reckoning
[3.014s] running install
[3.030s] running install_lib
[3.066s] creating /home/vboxuser/proj3_ws/install/dead_reckoning/lib/python3.12/site-packages/dead_reckoning
[3.067s] copying /home/vboxuser/proj3_ws/build/dead_reckoning/build/lib/dead_reckoning/__init__.py -> /home/vboxuser/proj3_ws/install/dead_reckoning/lib/python3.12/site-packages/dead_reckoning
[3.067s] copying /home/vboxuser/proj3_ws/build/dead_reckoning/build/lib/dead_reckoning/estimator_node.py -> /home/vboxuser/proj3_ws/install/dead_reckoning/lib/python3.12/site-packages/dead_reckoning
[3.069s] byte-compiling /home/vboxuser/proj3_ws/install/dead_reckoning/lib/python3.12/site-packages/dead_reckoning/__init__.py to __init__.cpython-312.pyc
[3.070s] byte-compiling /home/vboxuser/proj3_ws/install/dead_reckoning/lib/python3.12/site-packages/dead_reckoning/estimator_node.py to estimator_node.cpython-312.pyc
[3.070s] running install_data
[3.070s] creating /home/vboxuser/proj3_ws/install/dead_reckoning/share/ament_index
[3.071s] creating /home/vboxuser/proj3_ws/install/dead_reckoning/share/ament_index/resource_index
[3.071s] creating /home/vboxuser/proj3_ws/install/dead_reckoning/share/ament_index/resource_index/packages
[3.071s] copying resource/dead_reckoning -> /home/vboxuser/proj3_ws/install/dead_reckoning/share/ament_index/resource_index/packages
[3.071s] copying package.xml -> /home/vboxuser/proj3_ws/install/dead_reckoning/share/dead_reckoning
[3.072s] running install_egg_info
[3.107s] Copying ../../build/dead_reckoning/dead_reckoning.egg-info to /home/vboxuser/proj3_ws/install/dead_reckoning/lib/python3.12/site-packages/dead_reckoning-0.0.0-py3.12.egg-info
[3.110s] running install_scripts
[3.357s] Installing estimator script to /home/vboxuser/proj3_ws/install/dead_reckoning/lib/dead_reckoning
[3.358s] writing list of installed files to '/home/vboxuser/proj3_ws/build/dead_reckoning/install.log'
[3.426s] Invoked command in '/home/vboxuser/proj3_ws/src/dead_reckoning' returned '0': DEBUGINFOD_URLS=https://debuginfod.ubuntu.com PYTHONPATH=/home/vboxuser/proj3_ws/build/dead_reckoning/prefix_override:/usr/lib/python3/dist-packages/colcon_core/task/python/colcon_distutils_commands:/home/vboxuser/proj3_ws/install/dead_reckoning/lib/python3.12/site-packages:${PYTHONPATH} /usr/bin/python3 -W ignore:setup.py install is deprecated -W ignore:easy_install command is deprecated setup.py egg_info --egg-base ../../build/dead_reckoning build --build-base /home/vboxuser/proj3_ws/build/dead_reckoning/build install --record /home/vboxuser/proj3_ws/build/dead_reckoning/install.log --single-version-externally-managed install_data
