[2.184s] Invoking command in '/home/vboxuser/proj3_ws/src/dead_reckoning': DEBUGINFOD_URLS=https://debuginfod.ubuntu.com PYTHONPATH=/home/vboxuser/proj3_ws/build/dead_reckoning/prefix_override:/usr/lib/python3/dist-packages/colcon_core/task/python/colcon_distutils_commands:/home/vboxuser/proj3_ws/install/dead_reckoning/lib/python3.12/site-packages:${PYTHONPATH} /usr/bin/python3 -W ignore:setup.py install is deprecated -W ignore:easy_install command is deprecated setup.py egg_info --egg-base ../../build/dead_reckoning build --build-base /home/vboxuser/proj3_ws/build/dead_reckoning/build install --record /home/vboxuser/proj3_ws/build/dead_reckoning/install.log --single-version-externally-managed install_data
[2.835s] running egg_info
[2.889s] writing ../../build/dead_reckoning/dead_reckoning.egg-info/PKG-INFO
[2.889s] writing dependency_links to ../../build/dead_reckoning/dead_reckoning.egg-info/dependency_links.txt
[2.889s] writing entry points to ../../build/dead_reckoning/dead_reckoning.egg-info/entry_points.txt
[2.889s] writing requirements to ../../build/dead_reckoning/dead_reckoning.egg-info/requires.txt
[2.889s] writing top-level names to ../../build/dead_reckoning/dead_reckoning.egg-info/top_level.txt
[2.969s] reading manifest file '../../build/dead_reckoning/dead_reckoning.egg-info/SOURCES.txt'
[2.970s] adding license file 'LICENSE'
[2.973s] writing manifest file '../../build/dead_reckoning/dead_reckoning.egg-info/SOURCES.txt'
[2.973s] running build
[2.974s] running build_py
[2.986s] copying dead_reckoning/estimator_node.py -> /home/vboxuser/proj3_ws/build/dead_reckoning/build/lib/dead_reckoning
[2.986s] running install
[2.995s] running install_lib
[3.034s] copying /home/vboxuser/proj3_ws/build/dead_reckoning/build/lib/dead_reckoning/estimator_node.py -> /home/vboxuser/proj3_ws/install/dead_reckoning/lib/python3.12/site-packages/dead_reckoning
[3.036s] byte-compiling /home/vboxuser/proj3_ws/install/dead_reckoning/lib/python3.12/site-packages/dead_reckoning/estimator_node.py to estimator_node.cpython-312.pyc
[3.040s] running install_data
[3.040s] running install_egg_info
[3.086s] removing '/home/vboxuser/proj3_ws/install/dead_reckoning/lib/python3.12/site-packages/dead_reckoning-0.0.0-py3.12.egg-info' (and everything under it)
[3.087s] Copying ../../build/dead_reckoning/dead_reckoning.egg-info to /home/vboxuser/proj3_ws/install/dead_reckoning/lib/python3.12/site-packages/dead_reckoning-0.0.0-py3.12.egg-info
[3.102s] running install_scripts
[3.477s] Installing estimator_node script to /home/vboxuser/proj3_ws/install/dead_reckoning/lib/dead_reckoning
[3.477s] writing list of installed files to '/home/vboxuser/proj3_ws/build/dead_reckoning/install.log'
[3.543s] Invoked command in '/home/vboxuser/proj3_ws/src/dead_reckoning' returned '0': DEBUGINFOD_URLS=https://debuginfod.ubuntu.com PYTHONPATH=/home/vboxuser/proj3_ws/build/dead_reckoning/prefix_override:/usr/lib/python3/dist-packages/colcon_core/task/python/colcon_distutils_commands:/home/vboxuser/proj3_ws/install/dead_reckoning/lib/python3.12/site-packages:${PYTHONPATH} /usr/bin/python3 -W ignore:setup.py install is deprecated -W ignore:easy_install command is deprecated setup.py egg_info --egg-base ../../build/dead_reckoning build --build-base /home/vboxuser/proj3_ws/build/dead_reckoning/build install --record /home/vboxuser/proj3_ws/build/dead_reckoning/install.log --single-version-externally-managed install_data
