[3.801s] Invoking command in '/home/vboxuser/proj3_ws/src/dead_reckoning': DEBUGINFOD_URLS=https://debuginfod.ubuntu.com PYTHONPATH=/home/vboxuser/proj3_ws/build/dead_reckoning/prefix_override:/usr/lib/python3/dist-packages/colcon_core/task/python/colcon_distutils_commands:/home/vboxuser/proj3_ws/install/dead_reckoning/lib/python3.12/site-packages:${PYTHONPATH} /usr/bin/python3 -W ignore:setup.py install is deprecated -W ignore:easy_install command is deprecated setup.py egg_info --egg-base ../../build/dead_reckoning build --build-base /home/vboxuser/proj3_ws/build/dead_reckoning/build install --record /home/vboxuser/proj3_ws/build/dead_reckoning/install.log --single-version-externally-managed install_data
[4.424s] running egg_info
[4.461s] writing ../../build/dead_reckoning/dead_reckoning.egg-info/PKG-INFO
[4.466s] writing dependency_links to ../../build/dead_reckoning/dead_reckoning.egg-info/dependency_links.txt
[4.467s] writing entry points to ../../build/dead_reckoning/dead_reckoning.egg-info/entry_points.txt
[4.467s] writing requirements to ../../build/dead_reckoning/dead_reckoning.egg-info/requires.txt
[4.467s] writing top-level names to ../../build/dead_reckoning/dead_reckoning.egg-info/top_level.txt
[4.563s] reading manifest file '../../build/dead_reckoning/dead_reckoning.egg-info/SOURCES.txt'
[4.567s] adding license file 'LICENSE'
[4.568s] writing manifest file '../../build/dead_reckoning/dead_reckoning.egg-info/SOURCES.txt'
[4.571s] running build
[4.571s] running build_py
[4.571s] copying dead_reckoning/estimator_node.py -> /home/vboxuser/proj3_ws/build/dead_reckoning/build/lib/dead_reckoning
[4.576s] running install
[4.588s] running install_lib
[4.629s] copying /home/vboxuser/proj3_ws/build/dead_reckoning/build/lib/dead_reckoning/estimator_node.py -> /home/vboxuser/proj3_ws/install/dead_reckoning/lib/python3.12/site-packages/dead_reckoning
[4.632s] byte-compiling /home/vboxuser/proj3_ws/install/dead_reckoning/lib/python3.12/site-packages/dead_reckoning/estimator_node.py to estimator_node.cpython-312.pyc
[4.637s] running install_data
[4.638s] running install_egg_info
[4.678s] removing '/home/vboxuser/proj3_ws/install/dead_reckoning/lib/python3.12/site-packages/dead_reckoning-0.0.0-py3.12.egg-info' (and everything under it)
[4.680s] Copying ../../build/dead_reckoning/dead_reckoning.egg-info to /home/vboxuser/proj3_ws/install/dead_reckoning/lib/python3.12/site-packages/dead_reckoning-0.0.0-py3.12.egg-info
[4.685s] running install_scripts
[5.036s] Installing estimator_node script to /home/vboxuser/proj3_ws/install/dead_reckoning/lib/dead_reckoning
[5.038s] writing list of installed files to '/home/vboxuser/proj3_ws/build/dead_reckoning/install.log'
[5.101s] Invoked command in '/home/vboxuser/proj3_ws/src/dead_reckoning' returned '0': DEBUGINFOD_URLS=https://debuginfod.ubuntu.com PYTHONPATH=/home/vboxuser/proj3_ws/build/dead_reckoning/prefix_override:/usr/lib/python3/dist-packages/colcon_core/task/python/colcon_distutils_commands:/home/vboxuser/proj3_ws/install/dead_reckoning/lib/python3.12/site-packages:${PYTHONPATH} /usr/bin/python3 -W ignore:setup.py install is deprecated -W ignore:easy_install command is deprecated setup.py egg_info --egg-base ../../build/dead_reckoning build --build-base /home/vboxuser/proj3_ws/build/dead_reckoning/build install --record /home/vboxuser/proj3_ws/build/dead_reckoning/install.log --single-version-externally-managed install_data
