[2.328s] Invoking command in '/home/vboxuser/proj3_ws/src/dead_reckoning': DEBUGINFOD_URLS=https://debuginfod.ubuntu.com PYTHONPATH=/home/vboxuser/proj3_ws/build/dead_reckoning/prefix_override:/usr/lib/python3/dist-packages/colcon_core/task/python/colcon_distutils_commands:/home/vboxuser/proj3_ws/install/dead_reckoning/lib/python3.12/site-packages:${PYTHONPATH} /usr/bin/python3 -W ignore:setup.py install is deprecated -W ignore:easy_install command is deprecated setup.py egg_info --egg-base ../../build/dead_reckoning build --build-base /home/vboxuser/proj3_ws/build/dead_reckoning/build install --record /home/vboxuser/proj3_ws/build/dead_reckoning/install.log --single-version-externally-managed install_data
[2.988s] running egg_info
[3.033s] writing ../../build/dead_reckoning/dead_reckoning.egg-info/PKG-INFO
[3.034s] writing dependency_links to ../../build/dead_reckoning/dead_reckoning.egg-info/dependency_links.txt
[3.050s] writing entry points to ../../build/dead_reckoning/dead_reckoning.egg-info/entry_points.txt
[3.050s] writing requirements to ../../build/dead_reckoning/dead_reckoning.egg-info/requires.txt
[3.050s] writing top-level names to ../../build/dead_reckoning/dead_reckoning.egg-info/top_level.txt
[3.175s] reading manifest file '../../build/dead_reckoning/dead_reckoning.egg-info/SOURCES.txt'
[3.176s] adding license file 'LICENSE'
[3.179s] writing manifest file '../../build/dead_reckoning/dead_reckoning.egg-info/SOURCES.txt'
[3.185s] running build
[3.185s] running build_py
[3.185s] copying dead_reckoning/estimator_node.py -> /home/vboxuser/proj3_ws/build/dead_reckoning/build/lib/dead_reckoning
[3.188s] running install
[3.206s] running install_lib
[3.251s] copying /home/vboxuser/proj3_ws/build/dead_reckoning/build/lib/dead_reckoning/estimator_node.py -> /home/vboxuser/proj3_ws/install/dead_reckoning/lib/python3.12/site-packages/dead_reckoning
[3.254s] byte-compiling /home/vboxuser/proj3_ws/install/dead_reckoning/lib/python3.12/site-packages/dead_reckoning/estimator_node.py to estimator_node.cpython-312.pyc
[3.259s] running install_data
[3.259s] running install_egg_info
[3.307s] removing '/home/vboxuser/proj3_ws/install/dead_reckoning/lib/python3.12/site-packages/dead_reckoning-0.0.0-py3.12.egg-info' (and everything under it)
[3.308s] Copying ../../build/dead_reckoning/dead_reckoning.egg-info to /home/vboxuser/proj3_ws/install/dead_reckoning/lib/python3.12/site-packages/dead_reckoning-0.0.0-py3.12.egg-info
[3.314s] running install_scripts
[3.664s] Installing estimator_node script to /home/vboxuser/proj3_ws/install/dead_reckoning/lib/dead_reckoning
[3.666s] writing list of installed files to '/home/vboxuser/proj3_ws/build/dead_reckoning/install.log'
[3.738s] Invoked command in '/home/vboxuser/proj3_ws/src/dead_reckoning' returned '0': DEBUGINFOD_URLS=https://debuginfod.ubuntu.com PYTHONPATH=/home/vboxuser/proj3_ws/build/dead_reckoning/prefix_override:/usr/lib/python3/dist-packages/colcon_core/task/python/colcon_distutils_commands:/home/vboxuser/proj3_ws/install/dead_reckoning/lib/python3.12/site-packages:${PYTHONPATH} /usr/bin/python3 -W ignore:setup.py install is deprecated -W ignore:easy_install command is deprecated setup.py egg_info --egg-base ../../build/dead_reckoning build --build-base /home/vboxuser/proj3_ws/build/dead_reckoning/build install --record /home/vboxuser/proj3_ws/build/dead_reckoning/install.log --single-version-externally-managed install_data
