[0.264s] DEBUG:colcon:Command line arguments: ['/usr/bin/colcon', 'build', '--symlink-install']
[0.264s] DEBUG:colcon:Parsed command line arguments: Namespace(log_base=None, log_level=None, verb_name='build', build_base='build', install_base='install', merge_install=False, symlink_install=True, test_result_base=None, continue_on_error=False, executor='parallel', parallel_workers=5, event_handlers=None, ignore_user_meta=False, metas=['./colcon.meta'], base_paths=['.'], packages_ignore=None, packages_ignore_regex=None, paths=None, packages_up_to=None, packages_up_to_regex=None, packages_above=None, packages_above_and_dependencies=None, packages_above_depth=None, packages_select_by_dep=None, packages_skip_by_dep=None, packages_skip_up_to=None, packages_select_build_failed=False, packages_skip_build_finished=False, packages_select_test_failures=False, packages_skip_test_passed=False, packages_select=None, packages_skip=None, packages_select_regex=None, packages_skip_regex=None, packages_start=None, packages_end=None, allow_overriding=[], cmake_args=None, cmake_target=None, cmake_target_skip_unavailable=False, cmake_clean_cache=False, cmake_clean_first=False, cmake_force_configure=False, ament_cmake_args=None, catkin_cmake_args=None, catkin_skip_building_tests=False, mixin_files=None, mixin=None, verb_parser=<colcon_mixin.mixin.mixin_argument.MixinArgumentDecorator object at 0x7170f30e0620>, verb_extension=<colcon_core.verb.build.BuildVerb object at 0x7170f30c3e90>, main=<bound method BuildVerb.main of <colcon_core.verb.build.BuildVerb object at 0x7170f30c3e90>>, mixin_verb=('build',))
[0.362s] Level 1:colcon.colcon_core.package_discovery:discover_packages(colcon_meta) check parameters
[0.363s] Level 1:colcon.colcon_core.package_discovery:discover_packages(recursive) check parameters
[0.363s] Level 1:colcon.colcon_core.package_discovery:discover_packages(ignore) check parameters
[0.363s] Level 1:colcon.colcon_core.package_discovery:discover_packages(path) check parameters
[0.363s] Level 1:colcon.colcon_core.package_discovery:discover_packages(colcon_meta) discover
[0.363s] Level 1:colcon.colcon_core.package_discovery:discover_packages(recursive) discover
[0.363s] INFO:colcon.colcon_core.package_discovery:Crawling recursively for packages in '/home/vboxuser/proj3_ws'
[0.363s] Level 1:colcon.colcon_core.package_identification:_identify(.) by extensions ['ignore', 'ignore_ament_install']
[0.364s] Level 1:colcon.colcon_core.package_identification:_identify(.) by extension 'ignore'
[0.364s] Level 1:colcon.colcon_core.package_identification:_identify(.) by extension 'ignore_ament_install'
[0.364s] Level 1:colcon.colcon_core.package_identification:_identify(.) by extensions ['colcon_pkg']
[0.364s] Level 1:colcon.colcon_core.package_identification:_identify(.) by extension 'colcon_pkg'
[0.364s] Level 1:colcon.colcon_core.package_identification:_identify(.) by extensions ['colcon_meta']
[0.364s] Level 1:colcon.colcon_core.package_identification:_identify(.) by extension 'colcon_meta'
[0.364s] Level 1:colcon.colcon_core.package_identification:_identify(.) by extensions ['ros']
[0.364s] Level 1:colcon.colcon_core.package_identification:_identify(.) by extension 'ros'
[0.437s] Level 1:colcon.colcon_core.package_identification:_identify(.) by extensions ['cmake', 'python']
[0.438s] Level 1:colcon.colcon_core.package_identification:_identify(.) by extension 'cmake'
[0.438s] Level 1:colcon.colcon_core.package_identification:_identify(.) by extension 'python'
[0.439s] Level 1:colcon.colcon_core.package_identification:_identify(.) by extensions ['python_setup_py']
[0.439s] Level 1:colcon.colcon_core.package_identification:_identify(.) by extension 'python_setup_py'
[0.439s] Level 1:colcon.colcon_core.package_identification:_identify(build) by extensions ['ignore', 'ignore_ament_install']
[0.440s] Level 1:colcon.colcon_core.package_identification:_identify(build) by extension 'ignore'
[0.440s] Level 1:colcon.colcon_core.package_identification:_identify(build) ignored
[0.441s] Level 1:colcon.colcon_core.package_identification:_identify(install) by extensions ['ignore', 'ignore_ament_install']
[0.441s] Level 1:colcon.colcon_core.package_identification:_identify(install) by extension 'ignore'
[0.441s] Level 1:colcon.colcon_core.package_identification:_identify(install) ignored
[0.441s] Level 1:colcon.colcon_core.package_identification:_identify(log) by extensions ['ignore', 'ignore_ament_install']
[0.442s] Level 1:colcon.colcon_core.package_identification:_identify(log) by extension 'ignore'
[0.442s] Level 1:colcon.colcon_core.package_identification:_identify(log) ignored
[0.442s] Level 1:colcon.colcon_core.package_identification:_identify(proj3) by extensions ['ignore', 'ignore_ament_install']
[0.443s] Level 1:colcon.colcon_core.package_identification:_identify(proj3) by extension 'ignore'
[0.443s] Level 1:colcon.colcon_core.package_identification:_identify(proj3) by extension 'ignore_ament_install'
[0.443s] Level 1:colcon.colcon_core.package_identification:_identify(proj3) by extensions ['colcon_pkg']
[0.443s] Level 1:colcon.colcon_core.package_identification:_identify(proj3) by extension 'colcon_pkg'
[0.443s] Level 1:colcon.colcon_core.package_identification:_identify(proj3) by extensions ['colcon_meta']
[0.443s] Level 1:colcon.colcon_core.package_identification:_identify(proj3) by extension 'colcon_meta'
[0.443s] Level 1:colcon.colcon_core.package_identification:_identify(proj3) by extensions ['ros']
[0.443s] Level 1:colcon.colcon_core.package_identification:_identify(proj3) by extension 'ros'
[0.444s] Level 1:colcon.colcon_core.package_identification:_identify(proj3) by extensions ['cmake', 'python']
[0.444s] Level 1:colcon.colcon_core.package_identification:_identify(proj3) by extension 'cmake'
[0.444s] Level 1:colcon.colcon_core.package_identification:_identify(proj3) by extension 'python'
[0.444s] Level 1:colcon.colcon_core.package_identification:_identify(proj3) by extensions ['python_setup_py']
[0.444s] Level 1:colcon.colcon_core.package_identification:_identify(proj3) by extension 'python_setup_py'
[0.444s] Level 1:colcon.colcon_core.package_identification:_identify(src) by extensions ['ignore', 'ignore_ament_install']
[0.444s] Level 1:colcon.colcon_core.package_identification:_identify(src) by extension 'ignore'
[0.444s] Level 1:colcon.colcon_core.package_identification:_identify(src) by extension 'ignore_ament_install'
[0.444s] Level 1:colcon.colcon_core.package_identification:_identify(src) by extensions ['colcon_pkg']
[0.444s] Level 1:colcon.colcon_core.package_identification:_identify(src) by extension 'colcon_pkg'
[0.444s] Level 1:colcon.colcon_core.package_identification:_identify(src) by extensions ['colcon_meta']
[0.444s] Level 1:colcon.colcon_core.package_identification:_identify(src) by extension 'colcon_meta'
[0.444s] Level 1:colcon.colcon_core.package_identification:_identify(src) by extensions ['ros']
[0.445s] Level 1:colcon.colcon_core.package_identification:_identify(src) by extension 'ros'
[0.445s] Level 1:colcon.colcon_core.package_identification:_identify(src) by extensions ['cmake', 'python']
[0.445s] Level 1:colcon.colcon_core.package_identification:_identify(src) by extension 'cmake'
[0.445s] Level 1:colcon.colcon_core.package_identification:_identify(src) by extension 'python'
[0.445s] Level 1:colcon.colcon_core.package_identification:_identify(src) by extensions ['python_setup_py']
[0.445s] Level 1:colcon.colcon_core.package_identification:_identify(src) by extension 'python_setup_py'
[0.445s] Level 1:colcon.colcon_core.package_identification:_identify(src/dead_reckoning) by extensions ['ignore', 'ignore_ament_install']
[0.445s] Level 1:colcon.colcon_core.package_identification:_identify(src/dead_reckoning) by extension 'ignore'
[0.445s] Level 1:colcon.colcon_core.package_identification:_identify(src/dead_reckoning) by extension 'ignore_ament_install'
[0.445s] Level 1:colcon.colcon_core.package_identification:_identify(src/dead_reckoning) by extensions ['colcon_pkg']
[0.445s] Level 1:colcon.colcon_core.package_identification:_identify(src/dead_reckoning) by extension 'colcon_pkg'
[0.445s] Level 1:colcon.colcon_core.package_identification:_identify(src/dead_reckoning) by extensions ['colcon_meta']
[0.445s] Level 1:colcon.colcon_core.package_identification:_identify(src/dead_reckoning) by extension 'colcon_meta'
[0.446s] Level 1:colcon.colcon_core.package_identification:_identify(src/dead_reckoning) by extensions ['ros']
[0.446s] Level 1:colcon.colcon_core.package_identification:_identify(src/dead_reckoning) by extension 'ros'
[0.451s] DEBUG:colcon.colcon_core.package_identification:Package 'src/dead_reckoning' with type 'ros.ament_python' and name 'dead_reckoning'
[0.452s] Level 1:colcon.colcon_core.package_discovery:discover_packages(recursive) using defaults
[0.452s] Level 1:colcon.colcon_core.package_discovery:discover_packages(ignore) discover
[0.452s] Level 1:colcon.colcon_core.package_discovery:discover_packages(ignore) using defaults
[0.452s] Level 1:colcon.colcon_core.package_discovery:discover_packages(path) discover
[0.452s] Level 1:colcon.colcon_core.package_discovery:discover_packages(path) using defaults
[0.487s] Level 1:colcon.colcon_core.package_discovery:discover_packages(prefix_path) check parameters
[0.487s] Level 1:colcon.colcon_core.package_discovery:discover_packages(prefix_path) discover
[0.489s] WARNING:colcon.colcon_core.prefix_path.colcon:The path '/home/vboxuser/install' in the environment variable COLCON_PREFIX_PATH doesn't exist
[0.494s] WARNING:colcon.colcon_ros.prefix_path.ament:The path '/home/vboxuser/install/turtle_tf2_py' in the environment variable AMENT_PREFIX_PATH doesn't exist
[0.494s] WARNING:colcon.colcon_ros.prefix_path.ament:The path '/home/vboxuser/install/turtle_tf2_cpp' in the environment variable AMENT_PREFIX_PATH doesn't exist
[0.494s] WARNING:colcon.colcon_ros.prefix_path.ament:The path '/home/vboxuser/install/learning_tf2_py' in the environment variable AMENT_PREFIX_PATH doesn't exist
[0.495s] WARNING:colcon.colcon_ros.prefix_path.ament:The path '/home/vboxuser/install/turtlesim' in the environment variable AMENT_PREFIX_PATH doesn't exist
[0.495s] WARNING:colcon.colcon_ros.prefix_path.ament:The path '/home/vboxuser/install/simple_action_server' in the environment variable AMENT_PREFIX_PATH doesn't exist
[0.495s] WARNING:colcon.colcon_ros.prefix_path.ament:The path '/home/vboxuser/install/simple_action_client' in the environment variable AMENT_PREFIX_PATH doesn't exist
[0.495s] WARNING:colcon.colcon_ros.prefix_path.ament:The path '/home/vboxuser/install/mmunoria_package' in the environment variable AMENT_PREFIX_PATH doesn't exist
[0.496s] WARNING:colcon.colcon_ros.prefix_path.ament:The path '/home/vboxuser/install/launch_testing_examples' in the environment variable AMENT_PREFIX_PATH doesn't exist
[0.496s] WARNING:colcon.colcon_ros.prefix_path.ament:The path '/home/vboxuser/install/geometry_tutorials' in the environment variable AMENT_PREFIX_PATH doesn't exist
[0.496s] WARNING:colcon.colcon_ros.prefix_path.ament:The path '/home/vboxuser/install/examples_rclpy_pointcloud_publisher' in the environment variable AMENT_PREFIX_PATH doesn't exist
[0.497s] WARNING:colcon.colcon_ros.prefix_path.ament:The path '/home/vboxuser/install/examples_rclpy_minimal_subscriber' in the environment variable AMENT_PREFIX_PATH doesn't exist
[0.497s] WARNING:colcon.colcon_ros.prefix_path.ament:The path '/home/vboxuser/install/examples_rclpy_minimal_service' in the environment variable AMENT_PREFIX_PATH doesn't exist
[0.498s] WARNING:colcon.colcon_ros.prefix_path.ament:The path '/home/vboxuser/install/examples_rclpy_minimal_publisher' in the environment variable AMENT_PREFIX_PATH doesn't exist
[0.498s] WARNING:colcon.colcon_ros.prefix_path.ament:The path '/home/vboxuser/install/examples_rclpy_minimal_client' in the environment variable AMENT_PREFIX_PATH doesn't exist
[0.498s] WARNING:colcon.colcon_ros.prefix_path.ament:The path '/home/vboxuser/install/examples_rclpy_minimal_action_server' in the environment variable AMENT_PREFIX_PATH doesn't exist
[0.498s] WARNING:colcon.colcon_ros.prefix_path.ament:The path '/home/vboxuser/install/examples_rclpy_minimal_action_client' in the environment variable AMENT_PREFIX_PATH doesn't exist
[0.498s] WARNING:colcon.colcon_ros.prefix_path.ament:The path '/home/vboxuser/install/examples_rclpy_guard_conditions' in the environment variable AMENT_PREFIX_PATH doesn't exist
[0.499s] WARNING:colcon.colcon_ros.prefix_path.ament:The path '/home/vboxuser/install/examples_rclpy_executors' in the environment variable AMENT_PREFIX_PATH doesn't exist
[0.499s] WARNING:colcon.colcon_ros.prefix_path.ament:The path '/home/vboxuser/install/examples_rclcpp_wait_set' in the environment variable AMENT_PREFIX_PATH doesn't exist
[0.499s] WARNING:colcon.colcon_ros.prefix_path.ament:The path '/home/vboxuser/install/examples_rclcpp_multithreaded_executor' in the environment variable AMENT_PREFIX_PATH doesn't exist
[0.499s] WARNING:colcon.colcon_ros.prefix_path.ament:The path '/home/vboxuser/install/examples_rclcpp_minimal_timer' in the environment variable AMENT_PREFIX_PATH doesn't exist
[0.499s] WARNING:colcon.colcon_ros.prefix_path.ament:The path '/home/vboxuser/install/examples_rclcpp_minimal_subscriber' in the environment variable AMENT_PREFIX_PATH doesn't exist
[0.499s] WARNING:colcon.colcon_ros.prefix_path.ament:The path '/home/vboxuser/install/examples_rclcpp_minimal_service' in the environment variable AMENT_PREFIX_PATH doesn't exist
[0.499s] WARNING:colcon.colcon_ros.prefix_path.ament:The path '/home/vboxuser/install/examples_rclcpp_minimal_publisher' in the environment variable AMENT_PREFIX_PATH doesn't exist
[0.499s] WARNING:colcon.colcon_ros.prefix_path.ament:The path '/home/vboxuser/install/examples_rclcpp_minimal_composition' in the environment variable AMENT_PREFIX_PATH doesn't exist
[0.499s] WARNING:colcon.colcon_ros.prefix_path.ament:The path '/home/vboxuser/install/examples_rclcpp_minimal_client' in the environment variable AMENT_PREFIX_PATH doesn't exist
[0.499s] WARNING:colcon.colcon_ros.prefix_path.ament:The path '/home/vboxuser/install/examples_rclcpp_minimal_action_server' in the environment variable AMENT_PREFIX_PATH doesn't exist
[0.499s] WARNING:colcon.colcon_ros.prefix_path.ament:The path '/home/vboxuser/install/examples_rclcpp_minimal_action_client' in the environment variable AMENT_PREFIX_PATH doesn't exist
[0.499s] WARNING:colcon.colcon_ros.prefix_path.ament:The path '/home/vboxuser/install/examples_rclcpp_cbg_executor' in the environment variable AMENT_PREFIX_PATH doesn't exist
[0.499s] WARNING:colcon.colcon_ros.prefix_path.ament:The path '/home/vboxuser/install/examples_rclcpp_async_client' in the environment variable AMENT_PREFIX_PATH doesn't exist
[0.500s] WARNING:colcon.colcon_ros.prefix_path.ament:The path '/home/vboxuser/install/custom_action_interfaces' in the environment variable AMENT_PREFIX_PATH doesn't exist
[0.500s] WARNING:colcon.colcon_ros.prefix_path.catkin:The path '/home/vboxuser/install/turtle_tf2_cpp' in the environment variable CMAKE_PREFIX_PATH doesn't exist
[0.500s] WARNING:colcon.colcon_ros.prefix_path.catkin:The path '/home/vboxuser/install/turtlesim' in the environment variable CMAKE_PREFIX_PATH doesn't exist
[0.500s] WARNING:colcon.colcon_ros.prefix_path.catkin:The path '/home/vboxuser/install/geometry_tutorials' in the environment variable CMAKE_PREFIX_PATH doesn't exist
[0.500s] WARNING:colcon.colcon_ros.prefix_path.catkin:The path '/home/vboxuser/install/examples_rclcpp_wait_set' in the environment variable CMAKE_PREFIX_PATH doesn't exist
[0.501s] WARNING:colcon.colcon_ros.prefix_path.catkin:The path '/home/vboxuser/install/examples_rclcpp_multithreaded_executor' in the environment variable CMAKE_PREFIX_PATH doesn't exist
[0.501s] WARNING:colcon.colcon_ros.prefix_path.catkin:The path '/home/vboxuser/install/examples_rclcpp_minimal_timer' in the environment variable CMAKE_PREFIX_PATH doesn't exist
[0.501s] WARNING:colcon.colcon_ros.prefix_path.catkin:The path '/home/vboxuser/install/examples_rclcpp_minimal_subscriber' in the environment variable CMAKE_PREFIX_PATH doesn't exist
[0.501s] WARNING:colcon.colcon_ros.prefix_path.catkin:The path '/home/vboxuser/install/examples_rclcpp_minimal_service' in the environment variable CMAKE_PREFIX_PATH doesn't exist
[0.501s] WARNING:colcon.colcon_ros.prefix_path.catkin:The path '/home/vboxuser/install/examples_rclcpp_minimal_publisher' in the environment variable CMAKE_PREFIX_PATH doesn't exist
[0.501s] WARNING:colcon.colcon_ros.prefix_path.catkin:The path '/home/vboxuser/install/examples_rclcpp_minimal_composition' in the environment variable CMAKE_PREFIX_PATH doesn't exist
[0.501s] WARNING:colcon.colcon_ros.prefix_path.catkin:The path '/home/vboxuser/install/examples_rclcpp_minimal_client' in the environment variable CMAKE_PREFIX_PATH doesn't exist
[0.502s] WARNING:colcon.colcon_ros.prefix_path.catkin:The path '/home/vboxuser/install/examples_rclcpp_minimal_action_server' in the environment variable CMAKE_PREFIX_PATH doesn't exist
[0.502s] WARNING:colcon.colcon_ros.prefix_path.catkin:The path '/home/vboxuser/install/examples_rclcpp_minimal_action_client' in the environment variable CMAKE_PREFIX_PATH doesn't exist
[0.502s] WARNING:colcon.colcon_ros.prefix_path.catkin:The path '/home/vboxuser/install/examples_rclcpp_cbg_executor' in the environment variable CMAKE_PREFIX_PATH doesn't exist
[0.502s] WARNING:colcon.colcon_ros.prefix_path.catkin:The path '/home/vboxuser/install/examples_rclcpp_async_client' in the environment variable CMAKE_PREFIX_PATH doesn't exist
[0.502s] WARNING:colcon.colcon_ros.prefix_path.catkin:The path '/home/vboxuser/install/custom_action_interfaces' in the environment variable CMAKE_PREFIX_PATH doesn't exist
[0.504s] DEBUG:colcon.colcon_installed_package_information.package_discovery:Found 1 installed packages in /home/vboxuser/proj3_ws/install
[0.507s] DEBUG:colcon.colcon_installed_package_information.package_discovery:Found 30 installed packages in /home/vboxuser/ros2_ws/install
[0.514s] DEBUG:colcon.colcon_installed_package_information.package_discovery:Found 342 installed packages in /opt/ros/jazzy
[0.520s] Level 1:colcon.colcon_core.package_discovery:discover_packages(prefix_path) using defaults
[0.648s] Level 5:colcon.colcon_core.verb:set package 'dead_reckoning' build argument 'cmake_args' from command line to 'None'
[0.648s] Level 5:colcon.colcon_core.verb:set package 'dead_reckoning' build argument 'cmake_target' from command line to 'None'
[0.648s] Level 5:colcon.colcon_core.verb:set package 'dead_reckoning' build argument 'cmake_target_skip_unavailable' from command line to 'False'
[0.648s] Level 5:colcon.colcon_core.verb:set package 'dead_reckoning' build argument 'cmake_clean_cache' from command line to 'False'
[0.648s] Level 5:colcon.colcon_core.verb:set package 'dead_reckoning' build argument 'cmake_clean_first' from command line to 'False'
[0.648s] Level 5:colcon.colcon_core.verb:set package 'dead_reckoning' build argument 'cmake_force_configure' from command line to 'False'
[0.648s] Level 5:colcon.colcon_core.verb:set package 'dead_reckoning' build argument 'ament_cmake_args' from command line to 'None'
[0.648s] Level 5:colcon.colcon_core.verb:set package 'dead_reckoning' build argument 'catkin_cmake_args' from command line to 'None'
[0.648s] Level 5:colcon.colcon_core.verb:set package 'dead_reckoning' build argument 'catkin_skip_building_tests' from command line to 'False'
[0.649s] DEBUG:colcon.colcon_core.verb:Building package 'dead_reckoning' with the following arguments: {'ament_cmake_args': None, 'build_base': '/home/vboxuser/proj3_ws/build/dead_reckoning', 'catkin_cmake_args': None, 'catkin_skip_building_tests': False, 'cmake_args': None, 'cmake_clean_cache': False, 'cmake_clean_first': False, 'cmake_force_configure': False, 'cmake_target': None, 'cmake_target_skip_unavailable': False, 'install_base': '/home/vboxuser/proj3_ws/install/dead_reckoning', 'merge_install': False, 'path': '/home/vboxuser/proj3_ws/src/dead_reckoning', 'symlink_install': True, 'test_result_base': None}
[0.649s] INFO:colcon.colcon_core.executor:Executing jobs using 'parallel' executor
[0.653s] DEBUG:colcon.colcon_parallel_executor.executor.parallel:run_until_complete
[0.654s] INFO:colcon.colcon_ros.task.ament_python.build:Building ROS package in '/home/vboxuser/proj3_ws/src/dead_reckoning' with build type 'ament_python'
[0.654s] Level 1:colcon.colcon_core.shell:create_environment_hook('dead_reckoning', 'ament_prefix_path')
[0.662s] INFO:colcon.colcon_core.plugin_system:Skipping extension 'colcon_core.shell.bat': Not used on non-Windows systems
[0.663s] INFO:colcon.colcon_core.shell:Creating environment hook '/home/vboxuser/proj3_ws/install/dead_reckoning/share/dead_reckoning/hook/ament_prefix_path.ps1'
[0.664s] INFO:colcon.colcon_core.shell:Creating environment descriptor '/home/vboxuser/proj3_ws/install/dead_reckoning/share/dead_reckoning/hook/ament_prefix_path.dsv'
[0.666s] INFO:colcon.colcon_core.shell:Creating environment hook '/home/vboxuser/proj3_ws/install/dead_reckoning/share/dead_reckoning/hook/ament_prefix_path.sh'
[0.667s] INFO:colcon.colcon_core.shell:Skip shell extension 'powershell' for command environment: Not usable outside of PowerShell
[0.667s] DEBUG:colcon.colcon_core.shell:Skip shell extension 'dsv' for command environment
[1.114s] INFO:colcon.colcon_core.task.python.build:Building Python package in '/home/vboxuser/proj3_ws/src/dead_reckoning'
[1.114s] INFO:colcon.colcon_core.shell:Skip shell extension 'powershell' for command environment: Not usable outside of PowerShell
[1.115s] DEBUG:colcon.colcon_core.shell:Skip shell extension 'dsv' for command environment
[2.541s] DEBUG:colcon.colcon_core.task.python.build:While undoing a previous installation files outside the Python library path are being ignored: /home/vboxuser/proj3_ws/install/dead_reckoning/share/ament_index/resource_index/packages/dead_reckoning
[2.541s] DEBUG:colcon.colcon_core.task.python.build:While undoing a previous installation files outside the Python library path are being ignored: /home/vboxuser/proj3_ws/install/dead_reckoning/share/dead_reckoning/package.xml
[2.542s] DEBUG:colcon.colcon_core.task.python.build:While undoing a previous installation files outside the Python library path are being ignored: /home/vboxuser/proj3_ws/install/dead_reckoning/lib/dead_reckoning/estimator
[2.550s] DEBUG:colcon.colcon_core.event_handler.log_command:Invoking command in '/home/vboxuser/proj3_ws/build/dead_reckoning': DEBUGINFOD_URLS=https://debuginfod.ubuntu.com PYTHONPATH=/home/vboxuser/proj3_ws/build/dead_reckoning/prefix_override:/usr/lib/python3/dist-packages/colcon_core/task/python/colcon_distutils_commands:/home/vboxuser/proj3_ws/install/dead_reckoning/lib/python3.12/site-packages:${PYTHONPATH} /usr/bin/python3 -W ignore:setup.py install is deprecated -W ignore:easy_install command is deprecated setup.py develop --editable --build-directory /home/vboxuser/proj3_ws/build/dead_reckoning/build --no-deps symlink_data --force
[4.029s] Level 1:colcon.colcon_core.shell:create_environment_hook('dead_reckoning', 'pythonpath_develop')
[4.031s] INFO:colcon.colcon_core.shell:Creating environment hook '/home/vboxuser/proj3_ws/build/dead_reckoning/share/dead_reckoning/hook/pythonpath_develop.ps1'
[4.031s] INFO:colcon.colcon_core.shell:Creating environment descriptor '/home/vboxuser/proj3_ws/build/dead_reckoning/share/dead_reckoning/hook/pythonpath_develop.dsv'
[4.032s] INFO:colcon.colcon_core.shell:Creating environment hook '/home/vboxuser/proj3_ws/build/dead_reckoning/share/dead_reckoning/hook/pythonpath_develop.sh'
[4.030s] DEBUG:colcon.colcon_core.event_handler.log_command:Invoked command in '/home/vboxuser/proj3_ws/build/dead_reckoning' returned '0': DEBUGINFOD_URLS=https://debuginfod.ubuntu.com PYTHONPATH=/home/vboxuser/proj3_ws/build/dead_reckoning/prefix_override:/usr/lib/python3/dist-packages/colcon_core/task/python/colcon_distutils_commands:/home/vboxuser/proj3_ws/install/dead_reckoning/lib/python3.12/site-packages:${PYTHONPATH} /usr/bin/python3 -W ignore:setup.py install is deprecated -W ignore:easy_install command is deprecated setup.py develop --editable --build-directory /home/vboxuser/proj3_ws/build/dead_reckoning/build --no-deps symlink_data --force
[4.042s] Level 1:colcon.colcon_core.environment:checking '/home/vboxuser/proj3_ws/install/dead_reckoning' for CMake module files
[4.044s] Level 1:colcon.colcon_core.environment:checking '/home/vboxuser/proj3_ws/install/dead_reckoning' for CMake config files
[4.046s] Level 1:colcon.colcon_core.environment:checking '/home/vboxuser/proj3_ws/install/dead_reckoning/lib'
[4.047s] Level 1:colcon.colcon_core.environment:checking '/home/vboxuser/proj3_ws/install/dead_reckoning/bin'
[4.047s] Level 1:colcon.colcon_core.environment:checking '/home/vboxuser/proj3_ws/install/dead_reckoning/lib/pkgconfig/dead_reckoning.pc'
[4.048s] Level 1:colcon.colcon_core.environment:checking '/home/vboxuser/proj3_ws/install/dead_reckoning/lib/python3.12/site-packages'
[4.049s] Level 1:colcon.colcon_core.shell:create_environment_hook('dead_reckoning', 'pythonpath')
[4.050s] INFO:colcon.colcon_core.shell:Creating environment hook '/home/vboxuser/proj3_ws/install/dead_reckoning/share/dead_reckoning/hook/pythonpath.ps1'
[4.052s] INFO:colcon.colcon_core.shell:Creating environment descriptor '/home/vboxuser/proj3_ws/install/dead_reckoning/share/dead_reckoning/hook/pythonpath.dsv'
[4.054s] INFO:colcon.colcon_core.shell:Creating environment hook '/home/vboxuser/proj3_ws/install/dead_reckoning/share/dead_reckoning/hook/pythonpath.sh'
[4.055s] Level 1:colcon.colcon_core.environment:checking '/home/vboxuser/proj3_ws/install/dead_reckoning/bin'
[4.056s] Level 1:colcon.colcon_core.environment:create_environment_scripts_only(dead_reckoning)
[4.056s] INFO:colcon.colcon_core.shell:Creating package script '/home/vboxuser/proj3_ws/install/dead_reckoning/share/dead_reckoning/package.ps1'
[4.058s] INFO:colcon.colcon_core.shell:Creating package descriptor '/home/vboxuser/proj3_ws/install/dead_reckoning/share/dead_reckoning/package.dsv'
[4.060s] INFO:colcon.colcon_core.shell:Creating package script '/home/vboxuser/proj3_ws/install/dead_reckoning/share/dead_reckoning/package.sh'
[4.061s] INFO:colcon.colcon_core.shell:Creating package script '/home/vboxuser/proj3_ws/install/dead_reckoning/share/dead_reckoning/package.bash'
[4.064s] INFO:colcon.colcon_core.shell:Creating package script '/home/vboxuser/proj3_ws/install/dead_reckoning/share/dead_reckoning/package.zsh'
[4.065s] Level 1:colcon.colcon_core.environment:create_file_with_runtime_dependencies(/home/vboxuser/proj3_ws/install/dead_reckoning/share/colcon-core/packages/dead_reckoning)
[4.066s] DEBUG:colcon.colcon_parallel_executor.executor.parallel:closing loop
[4.068s] DEBUG:colcon.colcon_parallel_executor.executor.parallel:loop closed
[4.069s] DEBUG:colcon.colcon_parallel_executor.executor.parallel:run_until_complete finished with '0'
[4.070s] DEBUG:colcon.colcon_core.event_reactor:joining thread
[4.099s] INFO:colcon.colcon_core.plugin_system:Skipping extension 'colcon_notification.desktop_notification.terminal_notifier': Not used on non-Darwin systems
[4.099s] INFO:colcon.colcon_core.plugin_system:Skipping extension 'colcon_notification.desktop_notification.win32': Not used on non-Windows systems
[4.100s] INFO:colcon.colcon_notification.desktop_notification:Sending desktop notification using 'notify2'
[4.173s] DEBUG:colcon.colcon_core.event_reactor:joined thread
[4.174s] INFO:colcon.colcon_core.shell:Creating prefix script '/home/vboxuser/proj3_ws/install/local_setup.ps1'
[4.178s] INFO:colcon.colcon_core.shell:Creating prefix util module '/home/vboxuser/proj3_ws/install/_local_setup_util_ps1.py'
[4.182s] INFO:colcon.colcon_core.shell:Creating prefix chain script '/home/vboxuser/proj3_ws/install/setup.ps1'
[4.190s] INFO:colcon.colcon_core.shell:Creating prefix script '/home/vboxuser/proj3_ws/install/local_setup.sh'
[4.191s] INFO:colcon.colcon_core.shell:Creating prefix util module '/home/vboxuser/proj3_ws/install/_local_setup_util_sh.py'
[4.194s] INFO:colcon.colcon_core.shell:Creating prefix chain script '/home/vboxuser/proj3_ws/install/setup.sh'
[4.200s] INFO:colcon.colcon_core.shell:Creating prefix script '/home/vboxuser/proj3_ws/install/local_setup.bash'
[4.201s] INFO:colcon.colcon_core.shell:Creating prefix chain script '/home/vboxuser/proj3_ws/install/setup.bash'
[4.207s] INFO:colcon.colcon_core.shell:Creating prefix script '/home/vboxuser/proj3_ws/install/local_setup.zsh'
[4.208s] INFO:colcon.colcon_core.shell:Creating prefix chain script '/home/vboxuser/proj3_ws/install/setup.zsh'
